This is pdfTeX, Version 3.1415926-2.5-1.40.14 (MiKTeX 2.9) (preloaded format=pdflatex 2015.1.2)  13 JAN 2015 21:50
entering extended mode
**C:/Users/Morswin/Documents/THESIS.0.1/_III_PKN*model*numerical*work/Extra**co
mputational*chalanges/Extra*computational*chalanges.tex

("C:/Users/Morswin/Documents/THESIS.0.1/_III_PKN model numerical work/Extra  co
mputational chalanges/Extra computational chalanges.tex"
LaTeX2e <2011/06/27>
Babel <v3.8m> and hyphenation patterns for english, afrikaans, ancientgreek, ar
abic, armenian, assamese, basque, bengali, bokmal, bulgarian, catalan, coptic, 
croatian, czech, danish, dutch, esperanto, estonian, farsi, finnish, french, ga
lician, german, german-x-2013-05-26, greek, gujarati, hindi, hungarian, iceland
ic, indonesian, interlingua, irish, italian, kannada, kurmanji, latin, latvian,
 lithuanian, malayalam, marathi, mongolian, mongolianlmc, monogreek, ngerman, n
german-x-2013-05-26, nynorsk, oriya, panjabi, pinyin, polish, portuguese, roman
ian, russian, sanskrit, serbian, slovak, slovenian, spanish, swedish, swissgerm
an, tamil, telugu, turkish, turkmen, ukenglish, ukrainian, uppersorbian, usengl
ishmax, welsh, loaded.
("C:\Program Files (x86)\MiKTeX 2.9\tex\latex\base\article.cls"
Document Class: article 2014/09/29 v1.4h Standard LaTeX document class
("C:\Program Files (x86)\MiKTeX 2.9\tex\latex\base\size10.clo"
File: size10.clo 2014/09/29 v1.4h Standard LaTeX file (size option)
)
\c@part=\count79
\c@section=\count80
\c@subsection=\count81
\c@subsubsection=\count82
\c@paragraph=\count83
\c@subparagraph=\count84
\c@figure=\count85
\c@table=\count86
\abovecaptionskip=\skip41
\belowcaptionskip=\skip42
\bibindent=\dimen102
)
("C:\Program Files (x86)\MiKTeX 2.9\tex\latex\base\fontenc.sty"
Package: fontenc 2005/09/27 v1.99g Standard LaTeX package

("C:\Program Files (x86)\MiKTeX 2.9\tex\latex\base\t1enc.def"
File: t1enc.def 2005/09/27 v1.99g Standard LaTeX file
LaTeX Font Info:    Redeclaring font encoding T1 on input line 43.
))
("C:\Program Files (x86)\MiKTeX 2.9\tex\latex\base\inputenc.sty"
Package: inputenc 2014/04/30 v1.2b Input encoding file
\inpenc@prehook=\toks14
\inpenc@posthook=\toks15

("C:\Program Files (x86)\MiKTeX 2.9\tex\latex\base\latin9.def"
File: latin9.def 2014/04/30 v1.2b Input encoding file
))
("C:\Program Files (x86)\MiKTeX 2.9\tex\latex\float\float.sty"
Package: float 2001/11/08 v1.3d Float enhancements (AL)
\c@float@type=\count87
\float@exts=\toks16
\float@box=\box26
\@float@everytoks=\toks17
\@floatcapt=\box27
)
("C:\Program Files (x86)\MiKTeX 2.9\tex\latex\amsmath\amsmath.sty"
Package: amsmath 2013/01/14 v2.14 AMS math features
\@mathmargin=\skip43

For additional information on amsmath, use the `?' option.
("C:\Program Files (x86)\MiKTeX 2.9\tex\latex\amsmath\amstext.sty"
Package: amstext 2000/06/29 v2.01

("C:\Program Files (x86)\MiKTeX 2.9\tex\latex\amsmath\amsgen.sty"
File: amsgen.sty 1999/11/30 v2.0
\@emptytoks=\toks18
\ex@=\dimen103
))
("C:\Program Files (x86)\MiKTeX 2.9\tex\latex\amsmath\amsbsy.sty"
Package: amsbsy 1999/11/29 v1.2d
\pmbraise@=\dimen104
)
("C:\Program Files (x86)\MiKTeX 2.9\tex\latex\amsmath\amsopn.sty"
Package: amsopn 1999/12/14 v2.01 operator names
)
\inf@bad=\count88
LaTeX Info: Redefining \frac on input line 210.
\uproot@=\count89
\leftroot@=\count90
LaTeX Info: Redefining \overline on input line 306.
\classnum@=\count91
\DOTSCASE@=\count92
LaTeX Info: Redefining \ldots on input line 378.
LaTeX Info: Redefining \dots on input line 381.
LaTeX Info: Redefining \cdots on input line 466.
\Mathstrutbox@=\box28
\strutbox@=\box29
\big@size=\dimen105
LaTeX Font Info:    Redeclaring font encoding OML on input line 566.
LaTeX Font Info:    Redeclaring font encoding OMS on input line 567.
\macc@depth=\count93
\c@MaxMatrixCols=\count94
\dotsspace@=\muskip10
\c@parentequation=\count95
\dspbrk@lvl=\count96
\tag@help=\toks19
\row@=\count97
\column@=\count98
\maxfields@=\count99
\andhelp@=\toks20
\eqnshift@=\dimen106
\alignsep@=\dimen107
\tagshift@=\dimen108
\tagwidth@=\dimen109
\totwidth@=\dimen110
\lineht@=\dimen111
\@envbody=\toks21
\multlinegap=\skip44
\multlinetaggap=\skip45
\mathdisplay@stack=\toks22
LaTeX Info: Redefining \[ on input line 2665.
LaTeX Info: Redefining \] on input line 2666.
)
("C:\Program Files (x86)\MiKTeX 2.9\tex\latex\graphics\graphicx.sty"
Package: graphicx 2014/10/28 v1.0g Enhanced LaTeX Graphics (DPC,SPQR)

("C:\Program Files (x86)\MiKTeX 2.9\tex\latex\graphics\keyval.sty"
Package: keyval 2014/10/28 v1.15 key=value parser (DPC)
\KV@toks@=\toks23
)
("C:\Program Files (x86)\MiKTeX 2.9\tex\latex\graphics\graphics.sty"
Package: graphics 2014/10/28 v1.0p Standard LaTeX Graphics (DPC,SPQR)

("C:\Program Files (x86)\MiKTeX 2.9\tex\latex\graphics\trig.sty"
Package: trig 1999/03/16 v1.09 sin cos tan (DPC)
)
("C:\Program Files (x86)\MiKTeX 2.9\tex\latex\00miktex\graphics.cfg"
File: graphics.cfg 2007/01/18 v1.5 graphics configuration of teTeX/TeXLive
)
Package graphics Info: Driver file: pdftex.def on input line 91.

("C:\Program Files (x86)\MiKTeX 2.9\tex\latex\pdftex-def\pdftex.def"
File: pdftex.def 2011/05/27 v0.06d Graphics/color for pdfTeX

("C:\Program Files (x86)\MiKTeX 2.9\tex\generic\oberdiek\infwarerr.sty"
Package: infwarerr 2010/04/08 v1.3 Providing info/warning/error messages (HO)
)
("C:\Program Files (x86)\MiKTeX 2.9\tex\generic\oberdiek\ltxcmds.sty"
Package: ltxcmds 2011/11/09 v1.22 LaTeX kernel commands for general use (HO)
)
\Gread@gobject=\count100
))
\Gin@req@height=\dimen112
\Gin@req@width=\dimen113
)
("C:\Program Files (x86)\MiKTeX 2.9\tex\latex\esint\esint.sty"
Package: esint 
\symlargesymbolsA=\mathgroup4
)
(C:\Users\Morswin\AppData\Roaming\MiKTeX\2.9\tex\latex\algorithms\algorithm.sty
Package: algorithm 2009/08/24 v0.1 Document Style `algorithm' - floating enviro
nment
("C:\Program Files (x86)\MiKTeX 2.9\tex\latex\base\ifthen.sty"
Package: ifthen 2014/09/29 v1.1c Standard LaTeX ifthen package (DPC)
)
\@float@every@algorithm=\toks24
\c@algorithm=\count101
)
("C:\Program Files (x86)\MiKTeX 2.9\tex\latex\oberdiek\epstopdf.sty"
Package: epstopdf 2010/02/09 v2.5 Conversion with epstopdf on the fly (HO)

("C:\Program Files (x86)\MiKTeX 2.9\tex\latex\oberdiek\epstopdf-base.sty"
Package: epstopdf-base 2010/02/09 v2.5 Base part for package epstopdf

("C:\Program Files (x86)\MiKTeX 2.9\tex\latex\oberdiek\grfext.sty"
Package: grfext 2010/08/19 v1.1 Manage graphics extensions (HO)

("C:\Program Files (x86)\MiKTeX 2.9\tex\generic\oberdiek\kvdefinekeys.sty"
Package: kvdefinekeys 2011/04/07 v1.3 Define keys (HO)
))
("C:\Program Files (x86)\MiKTeX 2.9\tex\latex\oberdiek\kvoptions.sty"
Package: kvoptions 2011/06/30 v3.11 Key value format for package options (HO)

("C:\Program Files (x86)\MiKTeX 2.9\tex\generic\oberdiek\kvsetkeys.sty"
Package: kvsetkeys 2012/04/25 v1.16 Key value parser (HO)

("C:\Program Files (x86)\MiKTeX 2.9\tex\generic\oberdiek\etexcmds.sty"
Package: etexcmds 2011/02/16 v1.5 Avoid name clashes with e-TeX commands (HO)

("C:\Program Files (x86)\MiKTeX 2.9\tex\generic\oberdiek\ifluatex.sty"
Package: ifluatex 2010/03/01 v1.3 Provides the ifluatex switch (HO)
Package ifluatex Info: LuaTeX not detected.
)
Package etexcmds Info: Could not find \expanded.
(etexcmds)             That can mean that you are not using pdfTeX 1.50 or
(etexcmds)             that some package has redefined \expanded.
(etexcmds)             In the latter case, load this package earlier.
)))
("C:\Program Files (x86)\MiKTeX 2.9\tex\generic\oberdiek\pdftexcmds.sty"
Package: pdftexcmds 2011/11/29 v0.20 Utility functions of pdfTeX for LuaTeX (HO
)

("C:\Program Files (x86)\MiKTeX 2.9\tex\generic\oberdiek\ifpdf.sty"
Package: ifpdf 2011/01/30 v2.3 Provides the ifpdf switch (HO)
Package ifpdf Info: pdfTeX in PDF mode is detected.
)
Package pdftexcmds Info: LuaTeX not detected.
Package pdftexcmds Info: \pdf@primitive is available.
Package pdftexcmds Info: \pdf@ifprimitive is available.
Package pdftexcmds Info: \pdfdraftmode found.
)
Package grfext Info: Graphics extension search list:
(grfext)             [.png,.pdf,.jpg,.mps,.jpeg,.jbig2,.jb2,.PNG,.PDF,.JPG,.JPE
G,.JBIG2,.JB2,.eps]
(grfext)             \AppendGraphicsExtensions on input line 452.
))
("C:\Program Files (x86)\MiKTeX 2.9\tex\latex\babel\babel.sty"
Package: babel 2014/09/25 3.9l The Babel package

("C:\Program Files (x86)\MiKTeX 2.9\tex\latex\babel\switch.def"
File: switch.def 2014/09/25 3.9l Babel switching mechanism
)
*************************************
* Local config file bblopts.cfg used
*
(C:\Users\Morswin\AppData\Roaming\MiKTeX\2.9\tex\latex\arabi\bblopts.cfg
File: bblopts.cfg 2005/09/08 v0.1 add Arabic and Farsi to "declared" options of
 babel
)
("C:\Program Files (x86)\MiKTeX 2.9\tex\latex\babel-english\english.ldf"
Language: english 2012/08/20 v3.3p English support from the babel system

("C:\Program Files (x86)\MiKTeX 2.9\tex\latex\babel\babel.def"
File: babel.def 2014/09/25 3.9l Babel common definitions

(C:\ProgramData\MiKTeX\2.9\tex\generic\config\language.def)
\babel@savecnt=\count102
\U@D=\dimen114
)
\l@canadian = a dialect from \language\l@american 
\l@australian = a dialect from \language\l@british 
\l@newzealand = a dialect from \language\l@british 
))
("C:\Users\Morswin\Documents\THESIS.0.1\_III_PKN model numerical work\Extra  co
mputational chalanges\Extra computational chalanges.aux")
LaTeX Font Info:    Checking defaults for OML/cmm/m/it on input line 21.
LaTeX Font Info:    ... okay on input line 21.
LaTeX Font Info:    Checking defaults for T1/cmr/m/n on input line 21.
LaTeX Font Info:    ... okay on input line 21.
LaTeX Font Info:    Checking defaults for OT1/cmr/m/n on input line 21.
LaTeX Font Info:    ... okay on input line 21.
LaTeX Font Info:    Checking defaults for OMS/cmsy/m/n on input line 21.
LaTeX Font Info:    ... okay on input line 21.
LaTeX Font Info:    Checking defaults for OMX/cmex/m/n on input line 21.
LaTeX Font Info:    ... okay on input line 21.
LaTeX Font Info:    Checking defaults for U/cmr/m/n on input line 21.
LaTeX Font Info:    ... okay on input line 21.

(C:\Users\Morswin\AppData\Roaming\MiKTeX\2.9\tex\context\base\supp-pdf.mkii
[Loading MPS to PDF converter (version 2006.09.02).]
\scratchcounter=\count103
\scratchdimen=\dimen115
\scratchbox=\box30
\nofMPsegments=\count104
\nofMParguments=\count105
\everyMPshowfont=\toks25
\MPscratchCnt=\count106
\MPscratchDim=\dimen116
\MPnumerator=\count107
\makeMPintoPDFobject=\count108
\everyMPtoPDFconversion=\toks26
)
LaTeX Font Info:    Try loading font information for U+esint on input line 28.
 ("C:\Program Files (x86)\MiKTeX 2.9\tex\latex\esint\uesint.fd"
File: uesint.fd 
)

LaTeX Warning: Reference `initial' on page 1 undefined on input line 30.

LaTeX Font Info:    Try loading font information for OMS+cmr on input line 41.
("C:\Program Files (x86)\MiKTeX 2.9\tex\latex\base\omscmr.fd"
File: omscmr.fd 2014/09/29 v2.5h Standard LaTeX font definitions
)
LaTeX Font Info:    Font shape `OMS/cmr/m/n' in size <10> not available
(Font)              Font shape `OMS/cmsy/m/n' tried instead on input line 41.


LaTeX Warning: Citation `MWL' on page 1 undefined on input line 51.


Overfull \hbox (1.47641pt too wide) in paragraph at lines 62--70
[]\T1/cmr/m/n/10 where $\OML/cmm/m/it/10 []\OT1/cmr/m/n/10 (\OML/cmm/m/it/10 x
\OT1/cmr/m/n/10 )$ \T1/cmr/m/n/10 refers to out-put of nu-mer-i-cal ex-po-sure 
time cal-cu-la-tion scheme
 []

Package epstopdf Info: Source file: <leak_pre_vs_pre.eps>
(epstopdf)                    date: 2014-10-16 00:51:24
(epstopdf)                    size: 93869 bytes
(epstopdf)             Output file: <leak_pre_vs_pre-eps-converted-to.pdf>
(epstopdf)                    date: 2015-01-13 20:31:27
(epstopdf)                    size: 6563 bytes
(epstopdf)             Command: <epstopdf --outfile=leak_pre_vs_pre-eps-convert
ed-to.pdf leak_pre_vs_pre.eps>
(epstopdf)             \includegraphics on input line 79.
Package epstopdf Info: Output file is already uptodate.
<leak_pre_vs_pre-eps-converted-to.pdf, id=1, 476.78125pt x 397.485pt>
File: leak_pre_vs_pre-eps-converted-to.pdf Graphic file (type pdf)

<use leak_pre_vs_pre-eps-converted-to.pdf>
Package pdftex.def Info: leak_pre_vs_pre-eps-converted-to.pdf used on input lin
e 79.
(pdftex.def)             Requested size: 190.7091pt x 158.99118pt.
Package epstopdf Info: Source file: <different_leak_off_efects.eps>
(epstopdf)                    date: 2014-10-16 01:02:26
(epstopdf)                    size: 172198 bytes
(epstopdf)             Output file: <different_leak_off_efects-eps-converted-to
.pdf>
(epstopdf)                    date: 2015-01-13 20:31:27
(epstopdf)                    size: 20629 bytes
(epstopdf)             Command: <epstopdf --outfile=different_leak_off_efects-e
ps-converted-to.pdf different_leak_off_efects.eps>
(epstopdf)             \includegraphics on input line 89.
Package epstopdf Info: Output file is already uptodate.

<different_leak_off_efects-eps-converted-to.pdf, id=2, 519.9425pt x 405.515pt>
File: different_leak_off_efects-eps-converted-to.pdf Graphic file (type pdf)

<use different_leak_off_efects-eps-converted-to.pdf>
Package pdftex.def Info: different_leak_off_efects-eps-converted-to.pdf used on
 input line 89.
(pdftex.def)             Requested size: 155.98395pt x 121.65543pt.
Package epstopdf Info: Source file: <tau_graph.eps>
(epstopdf)                    date: 2014-10-16 01:12:22
(epstopdf)                    size: 156271 bytes
(epstopdf)             Output file: <tau_graph-eps-converted-to.pdf>
(epstopdf)                    date: 2015-01-13 20:31:28
(epstopdf)                    size: 10854 bytes
(epstopdf)             Command: <epstopdf --outfile=tau_graph-eps-converted-to.
pdf tau_graph.eps>
(epstopdf)             \includegraphics on input line 89.
Package epstopdf Info: Output file is already uptodate.

<tau_graph-eps-converted-to.pdf, id=3, 505.89pt x 421.575pt>
File: tau_graph-eps-converted-to.pdf Graphic file (type pdf)

<use tau_graph-eps-converted-to.pdf>
Package pdftex.def Info: tau_graph-eps-converted-to.pdf used on input line 89.
(pdftex.def)             Requested size: 151.76816pt x 126.47346pt.


LaTeX Warning: Reference `carter' on page 1 undefined on input line 103.

[1

{C:/Users/Morswin/AppData/Local/MiKTeX/2.9/pdftex/config/pdftex.map}]
[2 <C:/Users/Morswin/Documents/THESIS.0.1/_III_PKN model numerical work/Extra  
computational chalanges/leak_pre_vs_pre-eps-converted-to.pdf> <C:/Users/Morswin
/Documents/THESIS.0.1/_III_PKN model numerical work/Extra  computational chalan
ges/different_leak_off_efects-eps-converted-to.pdf> <C:/Users/Morswin/Documents
/THESIS.0.1/_III_PKN model numerical work/Extra  computational chalanges/tau_gr
aph-eps-converted-to.pdf>] [3]
Package epstopdf Info: Source file: <closing-zoom.eps>
(epstopdf)                    date: 2014-05-08 09:25:54
(epstopdf)                    size: 132348 bytes
(epstopdf)             Output file: <closing-zoom-eps-converted-to.pdf>
(epstopdf)                    date: 2015-01-13 20:31:28
(epstopdf)                    size: 14700 bytes
(epstopdf)             Command: <epstopdf --outfile=closing-zoom-eps-converted-
to.pdf closing-zoom.eps>
(epstopdf)             \includegraphics on input line 248.
Package epstopdf Info: Output file is already uptodate.

<closing-zoom-eps-converted-to.pdf, id=66, 519.9425pt x 409.53pt>
File: closing-zoom-eps-converted-to.pdf Graphic file (type pdf)

<use closing-zoom-eps-converted-to.pdf>
Package pdftex.def Info: closing-zoom-eps-converted-to.pdf used on input line 2
48.
(pdftex.def)             Requested size: 197.5802pt x 155.62302pt.
 [4 <C:/Users/Morswin/Documents/THESIS.0.1/_III_PKN model numerical work/Extra 
 computational chalanges/closing-zoom-eps-converted-to.pdf>] [5]
("C:\Users\Morswin\Documents\THESIS.0.1\_III_PKN model numerical work\Extra  co
mputational chalanges\Extra computational chalanges.aux")

LaTeX Warning: There were undefined references.

 ) 
Here is how much of TeX's memory you used:
 3095 strings out of 493921
 42117 string characters out of 3144871
 104322 words of memory out of 3000000
 6313 multiletter control sequences out of 15000+200000
 11137 words of font info for 28 fonts, out of 3000000 for 9000
 841 hyphenation exceptions out of 8191
 42i,9n,23p,422b,242s stack positions out of 5000i,500n,10000p,200000b,50000s
 <C:\Users\Morswin\AppData\Local\MiKTeX\2.9\fonts\pk\ljfour\jknappen\ec\dpi60
0\ecti1000.pk> <C:\Users\Morswin\AppData\Local\MiKTeX\2.9\fonts\pk\ljfour\jknap
pen\ec\dpi600\ecbx1000.pk> <C:\Users\Morswin\AppData\Local\MiKTeX\2.9\fonts\pk\
ljfour\jknappen\ec\dpi600\ecrm1000.pk> <C:\Users\Morswin\AppData\Local\MiKTeX\2
.9\fonts\pk\ljfour\jknappen\ec\dpi600\ecbx1200.pk> <C:\Users\Morswin\AppData\Lo
cal\MiKTeX\2.9\fonts\pk\ljfour\jknappen\ec\dpi600\ecbx1440.pk><C:/Program Files
 (x86)/MiKTeX 2.9/fonts/type1/public/amsfonts/cm/cmex10.pfb><C:/Program Files (
x86)/MiKTeX 2.9/fonts/type1/public/amsfonts/cm/cmmi10.pfb><C:/Program Files (x8
6)/MiKTeX 2.9/fonts/type1/public/amsfonts/cm/cmmi5.pfb><C:/Program Files (x86)/
MiKTeX 2.9/fonts/type1/public/amsfonts/cm/cmmi7.pfb><C:/Program Files (x86)/MiK
TeX 2.9/fonts/type1/public/amsfonts/cm/cmr10.pfb><C:/Program Files (x86)/MiKTeX
 2.9/fonts/type1/public/amsfonts/cm/cmr7.pfb><C:/Program Files (x86)/MiKTeX 2.9
/fonts/type1/public/amsfonts/cm/cmsy10.pfb><C:/Program Files (x86)/MiKTeX 2.9/f
onts/type1/public/amsfonts/cm/cmsy7.pfb><C:/Program Files (x86)/MiKTeX 2.9/font
s/type1/public/esint/esint10.pfb>
Output written on "Extra computational chalanges.pdf" (5 pages, 197331 bytes).
PDF statistics:
 283 PDF objects out of 1000 (max. 8388607)
 0 named destinations out of 1000 (max. 500000)
 21 words of extra memory for PDF output out of 10000 (max. 10000000)

